<?xml version="1.0" encoding="UTF-8"?>
<testng-results skipped="0" failed="0" ignored="0" total="1" passed="1">
  <reporter-output>
  </reporter-output>
  <suite name="Default suite" duration-ms="5509" started-at="2018-08-22T01:09:39Z" finished-at="2018-08-22T01:09:44Z">
    <groups>
    </groups>
    <test name="Default test" duration-ms="5509" started-at="2018-08-22T01:09:39Z" finished-at="2018-08-22T01:09:44Z">
      <class name="TST.SimpleGetTest">
        <test-method status="PASS" signature="getWheatherDetails()[pri:0, instance:TST.SimpleGetTest@1753acfe]" name="getWheatherDetails" duration-ms="5408" started-at="2018-08-22T01:09:39Z" finished-at="2018-08-22T01:09:44Z">
          <reporter-output>
          </reporter-output>
        </test-method> <!-- getWheatherDetails -->
      </class> <!-- TST.SimpleGetTest -->
    </test> <!-- Default test -->
  </suite> <!-- Default suite -->
</testng-results>
